<?xml version="1.0" encoding="UTF-8"?>
<!-- Generated by org.testng.reporters.JUnitReportReporter -->
<testsuite hostname="NTTDATA608432" name="com.kamala.test.CountryApiTest" tests="2" failures="0" timestamp="5 Sep 2017 20:45:14 GMT" time="2.675" errors="0">
  <testcase name="searchByState" time="0.855" classname="com.kamala.test.CountryApiTest"/>
  <testcase name="restTestall" time="1.820" classname="com.kamala.test.CountryApiTest"/>
</testsuite> <!-- com.kamala.test.CountryApiTest -->
