<?xml version="1.0" encoding="UTF-8"?>
<!-- Generated by org.testng.reporters.JUnitReportReporter -->
<testsuite hostname="NTTDATA608432" name="com.kamala.test.AppTest" tests="1" failures="0" timestamp="2 Sep 2017 16:14:06 GMT" time="1.392" errors="0">
  <testcase name="restTest" time="1.392" classname="com.kamala.test.AppTest"/>
</testsuite> <!-- com.kamala.test.AppTest -->
